<?xml version="1.0" encoding="UTF-8"?>
<robot generator="Robot 3.1.2 (Python 3.7.2 on win32)" generated="20200108 20:01:55.863" rpa="false">
<suite id="s1" name="Test 005" source="E:\Selenium\RobotFrameworkProject\Test Cases\LoginTC\test_005.robot">
<test id="s1-t1" name="Robot Test Case">
<kw name="Start Browser and Maximize" library="Resources4" type="setup">
<kw name="Open Browser" library="SeleniumLibrary">
<doc>Opens a new browser instance to the optional ``url``.</doc>
<arguments>
<arg>https://www.Thetestingworld.com/testings</arg>
<arg>Chrome</arg>
</arguments>
<msg timestamp="20200108 20:01:56.684" level="INFO">Opening browser 'Chrome' to base url 'https://www.Thetestingworld.com/testings'.</msg>
<status status="PASS" starttime="20200108 20:01:56.684" endtime="20200108 20:02:06.360"></status>
</kw>
<kw name="Maximize Browser Window" library="SeleniumLibrary">
<doc>Maximizes current browser window.</doc>
<status status="PASS" starttime="20200108 20:02:06.360" endtime="20200108 20:02:10.598"></status>
</kw>
<status status="PASS" starttime="20200108 20:01:56.684" endtime="20200108 20:02:10.598"></status>
</kw>
<kw name="Input Text" library="SeleniumLibrary">
<doc>Types the given ``text`` into the text field identified by ``locator``.</doc>
<arguments>
<arg>name:fld_username</arg>
<arg>Kanika</arg>
</arguments>
<msg timestamp="20200108 20:02:10.610" level="INFO">Typing text 'Kanika' into text field 'name:fld_username'.</msg>
<status status="PASS" starttime="20200108 20:02:10.602" endtime="20200108 20:02:11.419"></status>
</kw>
<kw name="Input Text" library="SeleniumLibrary">
<doc>Types the given ``text`` into the text field identified by ``locator``.</doc>
<arguments>
<arg>name:fld_email</arg>
<arg>kanika.gupta@gmail.com</arg>
</arguments>
<msg timestamp="20200108 20:02:11.423" level="INFO">Typing text 'kanika.gupta@gmail.com' into text field 'name:fld_email'.</msg>
<status status="PASS" starttime="20200108 20:02:11.419" endtime="20200108 20:02:12.697"></status>
</kw>
<kw name="Close Browser Window" library="Resources4" type="teardown">
<kw name="Close Browser" library="SeleniumLibrary">
<doc>Closes the current browser.</doc>
<status status="PASS" starttime="20200108 20:02:12.701" endtime="20200108 20:02:15.333"></status>
</kw>
<status status="PASS" starttime="20200108 20:02:12.701" endtime="20200108 20:02:15.333"></status>
</kw>
<tags>
<tag>Smoke</tag>
</tags>
<timeout value="1 minute"></timeout>
<status status="PASS" starttime="20200108 20:01:56.680" endtime="20200108 20:02:15.333" critical="yes"></status>
</test>
<status status="PASS" starttime="20200108 20:01:55.871" endtime="20200108 20:02:15.341"></status>
</suite>
<statistics>
<total>
<stat pass="1" fail="0">Critical Tests</stat>
<stat pass="1" fail="0">All Tests</stat>
</total>
<tag>
<stat pass="1" fail="0">Smoke</stat>
</tag>
<suite>
<stat pass="1" fail="0" id="s1" name="Test 005">Test 005</stat>
</suite>
</statistics>
<errors>
</errors>
</robot>
