<?xml version="1.0" encoding="UTF-8"?>
<robot generator="Robot 3.1.2 (Python 3.7.2 on win32)" generated="20200109 20:12:30.726" rpa="false">
<suite id="s1" name="Test Json" source="E:\Selenium\RobotFrameworkProject\Test Cases\test_json.robot">
<test id="s1-t1" name="TestCase to open and close browser">
<kw name="Open Browser" library="SeleniumLibrary">
<doc>Opens a new browser instance to the optional ``url``.</doc>
<arguments>
<arg>${URL}</arg>
<arg>${Browser}</arg>
</arguments>
<msg timestamp="20200109 20:12:32.483" level="INFO">Opening browser 'Chrome' to base url 'https://www.Thetestingworld.com/testings'.</msg>
<status status="PASS" starttime="20200109 20:12:32.482" endtime="20200109 20:12:44.756"></status>
</kw>
<kw name="Maximize Browser Window" library="SeleniumLibrary">
<doc>Maximizes current browser window.</doc>
<status status="PASS" starttime="20200109 20:12:44.758" endtime="20200109 20:12:49.369"></status>
</kw>
<kw name="Read Element Locator">
<arguments>
<arg>Registration.username</arg>
</arguments>
<assign>
<var>${username}</var>
</assign>
<kw name="Read Locator From Json" library="Locators">
<arguments>
<arg>${JsonPath}</arg>
</arguments>
<assign>
<var>${result}</var>
</assign>
<msg timestamp="20200109 20:12:49.392" level="INFO">${result} = fld_username</msg>
<status status="PASS" starttime="20200109 20:12:49.371" endtime="20200109 20:12:49.393"></status>
</kw>
<msg timestamp="20200109 20:12:49.393" level="INFO">${username} = fld_username</msg>
<status status="PASS" starttime="20200109 20:12:49.370" endtime="20200109 20:12:49.394"></status>
</kw>
<kw name="Input Text" library="SeleniumLibrary">
<doc>Types the given ``text`` into the text field identified by ``locator``.</doc>
<arguments>
<arg>name:${username}</arg>
<arg>Kanika</arg>
</arguments>
<msg timestamp="20200109 20:12:49.401" level="INFO">Typing text 'Kanika' into text field 'name:fld_username'.</msg>
<status status="PASS" starttime="20200109 20:12:49.400" endtime="20200109 20:12:49.669"></status>
</kw>
<kw name="Read Element Locator">
<arguments>
<arg>Registration.email</arg>
</arguments>
<assign>
<var>${email}</var>
</assign>
<kw name="Read Locator From Json" library="Locators">
<arguments>
<arg>${JsonPath}</arg>
</arguments>
<assign>
<var>${result}</var>
</assign>
<msg timestamp="20200109 20:12:49.679" level="INFO">${result} = fld_email</msg>
<status status="PASS" starttime="20200109 20:12:49.671" endtime="20200109 20:12:49.679"></status>
</kw>
<msg timestamp="20200109 20:12:49.680" level="INFO">${email} = fld_email</msg>
<status status="PASS" starttime="20200109 20:12:49.670" endtime="20200109 20:12:49.680"></status>
</kw>
<kw name="Input Text" library="SeleniumLibrary">
<doc>Types the given ``text`` into the text field identified by ``locator``.</doc>
<arguments>
<arg>xpath://input[@name='${email}']</arg>
<arg>kanika.gupta2080@gmail.com</arg>
</arguments>
<msg timestamp="20200109 20:12:49.682" level="INFO">Typing text 'kanika.gupta2080@gmail.com' into text field 'xpath://input[@name='fld_email']'.</msg>
<status status="PASS" starttime="20200109 20:12:49.681" endtime="20200109 20:12:50.121"></status>
</kw>
<status status="PASS" starttime="20200109 20:12:32.479" endtime="20200109 20:12:50.122" critical="yes"></status>
</test>
<status status="PASS" starttime="20200109 20:12:31.598" endtime="20200109 20:12:50.126"></status>
</suite>
<statistics>
<total>
<stat pass="1" fail="0">Critical Tests</stat>
<stat pass="1" fail="0">All Tests</stat>
</total>
<tag>
</tag>
<suite>
<stat pass="1" fail="0" id="s1" name="Test Json">Test Json</stat>
</suite>
</statistics>
<errors>
</errors>
</robot>
