<?xml version="1.0" encoding="UTF-8"?>
<robot generator="Robot 3.1.2 (Python 3.7.2 on win32)" generated="20200108 20:57:25.107" rpa="false">
<suite id="s1" name="LoginTC" source="E:\Selenium\RobotFrameworkProject\Test Cases\LoginTC">
<kw name="Before Each Test Suite" type="setup">
<kw name="Log" library="BuiltIn">
<doc>Logs the given message with the given level.</doc>
<arguments>
<arg>Before Each Test Suite</arg>
</arguments>
<msg timestamp="20200108 20:57:25.215" level="INFO">Before Each Test Suite</msg>
<status status="PASS" starttime="20200108 20:57:25.215" endtime="20200108 20:57:25.215"></status>
</kw>
<status status="PASS" starttime="20200108 20:57:25.211" endtime="20200108 20:57:25.215"></status>
</kw>
<suite id="s1-s1" name="Test 005" source="E:\Selenium\RobotFrameworkProject\Test Cases\LoginTC\test_005.robot">
<test id="s1-s1-t1" name="Robot Test Case">
<kw name="Start Browser and Maximize" library="Resources4" type="setup">
<kw name="Open Browser" library="SeleniumLibrary">
<doc>Opens a new browser instance to the optional ``url``.</doc>
<arguments>
<arg>https://www.Thetestingworld.com/testings</arg>
<arg>Chrome</arg>
</arguments>
<msg timestamp="20200108 20:57:26.023" level="INFO">Opening browser 'Chrome' to base url 'https://www.Thetestingworld.com/testings'.</msg>
<status status="PASS" starttime="20200108 20:57:26.019" endtime="20200108 20:57:38.134"></status>
</kw>
<kw name="Maximize Browser Window" library="SeleniumLibrary">
<doc>Maximizes current browser window.</doc>
<status status="PASS" starttime="20200108 20:57:38.138" endtime="20200108 20:57:42.288"></status>
</kw>
<status status="PASS" starttime="20200108 20:57:26.019" endtime="20200108 20:57:42.292"></status>
</kw>
<kw name="Input Text" library="SeleniumLibrary">
<doc>Types the given ``text`` into the text field identified by ``locator``.</doc>
<arguments>
<arg>name:fld_username</arg>
<arg>Kanika</arg>
</arguments>
<msg timestamp="20200108 20:57:42.296" level="INFO">Typing text 'Kanika' into text field 'name:fld_username'.</msg>
<status status="PASS" starttime="20200108 20:57:42.292" endtime="20200108 20:57:42.813"></status>
</kw>
<kw name="Input Text" library="SeleniumLibrary">
<doc>Types the given ``text`` into the text field identified by ``locator``.</doc>
<arguments>
<arg>name:fld_email</arg>
<arg>kanika.gupta@gmail.com</arg>
</arguments>
<msg timestamp="20200108 20:57:42.817" level="INFO">Typing text 'kanika.gupta@gmail.com' into text field 'name:fld_email'.</msg>
<status status="PASS" starttime="20200108 20:57:42.813" endtime="20200108 20:57:43.545"></status>
</kw>
<kw name="Close Browser Window" library="Resources4" type="teardown">
<kw name="Close Browser" library="SeleniumLibrary">
<doc>Closes the current browser.</doc>
<status status="PASS" starttime="20200108 20:57:43.549" endtime="20200108 20:57:46.136"></status>
</kw>
<status status="PASS" starttime="20200108 20:57:43.549" endtime="20200108 20:57:46.136"></status>
</kw>
<tags>
<tag>FT</tag>
</tags>
<timeout value="1 minute"></timeout>
<status status="PASS" starttime="20200108 20:57:26.015" endtime="20200108 20:57:46.136" critical="yes"></status>
</test>
<test id="s1-s1-t2" name="Robot Test Case2">
<kw name="Start Browser and Maximize" library="Resources4" type="setup">
<kw name="Open Browser" library="SeleniumLibrary">
<doc>Opens a new browser instance to the optional ``url``.</doc>
<arguments>
<arg>https://www.Thetestingworld.com/testings</arg>
<arg>Chrome</arg>
</arguments>
<msg timestamp="20200108 20:57:46.148" level="INFO">Opening browser 'Chrome' to base url 'https://www.Thetestingworld.com/testings'.</msg>
<status status="PASS" starttime="20200108 20:57:46.148" endtime="20200108 20:57:57.130"></status>
</kw>
<kw name="Maximize Browser Window" library="SeleniumLibrary">
<doc>Maximizes current browser window.</doc>
<status status="PASS" starttime="20200108 20:57:57.130" endtime="20200108 20:58:01.302"></status>
</kw>
<status status="PASS" starttime="20200108 20:57:46.144" endtime="20200108 20:58:01.302"></status>
</kw>
<kw name="Select Radio Button" library="SeleniumLibrary">
<doc>Sets the radio button group ``group_name`` to ``value``.</doc>
<arguments>
<arg>add_type</arg>
<arg>office</arg>
</arguments>
<msg timestamp="20200108 20:58:01.306" level="INFO">Selecting 'office' from radio button 'add_type'.</msg>
<status status="PASS" starttime="20200108 20:58:01.302" endtime="20200108 20:58:01.598"></status>
</kw>
<kw name="Close Browser Window" library="Resources4" type="teardown">
<kw name="Close Browser" library="SeleniumLibrary">
<doc>Closes the current browser.</doc>
<status status="PASS" starttime="20200108 20:58:01.602" endtime="20200108 20:58:04.910"></status>
</kw>
<status status="PASS" starttime="20200108 20:58:01.602" endtime="20200108 20:58:04.910"></status>
</kw>
<tags>
<tag>FT</tag>
<tag>Sanity Regression</tag>
</tags>
<timeout value="1 minute"></timeout>
<status status="PASS" starttime="20200108 20:57:46.140" endtime="20200108 20:58:04.914" critical="yes"></status>
</test>
<status status="PASS" starttime="20200108 20:57:25.215" endtime="20200108 20:58:04.922"></status>
</suite>
<suite id="s1-s2" name="Test 006" source="E:\Selenium\RobotFrameworkProject\Test Cases\LoginTC\test_006.robot">
<kw name="Before Each Test Suite" library="Resources5" type="setup">
<kw name="Log" library="BuiltIn">
<doc>Logs the given message with the given level.</doc>
<arguments>
<arg>Before Each Test Suite</arg>
</arguments>
<msg timestamp="20200108 20:58:04.970" level="INFO">Before Each Test Suite</msg>
<status status="PASS" starttime="20200108 20:58:04.970" endtime="20200108 20:58:04.970"></status>
</kw>
<status status="PASS" starttime="20200108 20:58:04.966" endtime="20200108 20:58:04.974"></status>
</kw>
<test id="s1-s2-t1" name="Robot Test Case">
<kw name="Start Browser and Maximize" library="Resources5" type="setup">
<kw name="Open Browser" library="SeleniumLibrary">
<doc>Opens a new browser instance to the optional ``url``.</doc>
<arguments>
<arg>https://www.Thetestingworld.com/testings</arg>
<arg>Chrome</arg>
</arguments>
<msg timestamp="20200108 20:58:04.982" level="INFO">Opening browser 'Chrome' to base url 'https://www.Thetestingworld.com/testings'.</msg>
<status status="PASS" starttime="20200108 20:58:04.978" endtime="20200108 20:58:14.237"></status>
</kw>
<kw name="Maximize Browser Window" library="SeleniumLibrary">
<doc>Maximizes current browser window.</doc>
<status status="PASS" starttime="20200108 20:58:14.237" endtime="20200108 20:58:18.414"></status>
</kw>
<status status="PASS" starttime="20200108 20:58:04.978" endtime="20200108 20:58:18.418"></status>
</kw>
<kw name="Input Text" library="SeleniumLibrary">
<doc>Types the given ``text`` into the text field identified by ``locator``.</doc>
<arguments>
<arg>name:fld_username</arg>
<arg>Kanika</arg>
</arguments>
<msg timestamp="20200108 20:58:18.422" level="INFO">Typing text 'Kanika' into text field 'name:fld_username'.</msg>
<status status="PASS" starttime="20200108 20:58:18.418" endtime="20200108 20:58:18.889"></status>
</kw>
<kw name="Input Text" library="SeleniumLibrary">
<doc>Types the given ``text`` into the text field identified by ``locator``.</doc>
<arguments>
<arg>name:fld_email</arg>
<arg>kanika.gupta@gmail.com</arg>
</arguments>
<msg timestamp="20200108 20:58:18.893" level="INFO">Typing text 'kanika.gupta@gmail.com' into text field 'name:fld_email'.</msg>
<status status="PASS" starttime="20200108 20:58:18.891" endtime="20200108 20:58:19.590"></status>
</kw>
<kw name="Close Browser Window" library="Resources5" type="teardown">
<kw name="Close Browser" library="SeleniumLibrary">
<doc>Closes the current browser.</doc>
<status status="PASS" starttime="20200108 20:58:19.594" endtime="20200108 20:58:22.939"></status>
</kw>
<status status="PASS" starttime="20200108 20:58:19.594" endtime="20200108 20:58:22.939"></status>
</kw>
<tags>
<tag>FT</tag>
<tag>Smoke</tag>
</tags>
<timeout value="1 minute"></timeout>
<status status="PASS" starttime="20200108 20:58:04.974" endtime="20200108 20:58:22.943" critical="yes"></status>
</test>
<test id="s1-s2-t2" name="Robot Test Case2">
<kw name="Start Browser and Maximize" library="Resources5" type="setup">
<kw name="Open Browser" library="SeleniumLibrary">
<doc>Opens a new browser instance to the optional ``url``.</doc>
<arguments>
<arg>https://www.Thetestingworld.com/testings</arg>
<arg>Chrome</arg>
</arguments>
<msg timestamp="20200108 20:58:22.959" level="INFO">Opening browser 'Chrome' to base url 'https://www.Thetestingworld.com/testings'.</msg>
<status status="PASS" starttime="20200108 20:58:22.955" endtime="20200108 20:58:40.943"></status>
</kw>
<kw name="Maximize Browser Window" library="SeleniumLibrary">
<doc>Maximizes current browser window.</doc>
<status status="PASS" starttime="20200108 20:58:40.943" endtime="20200108 20:58:45.106"></status>
</kw>
<status status="PASS" starttime="20200108 20:58:22.955" endtime="20200108 20:58:45.106"></status>
</kw>
<kw name="Select Radio Button" library="SeleniumLibrary">
<doc>Sets the radio button group ``group_name`` to ``value``.</doc>
<arguments>
<arg>add_type</arg>
<arg>office</arg>
</arguments>
<msg timestamp="20200108 20:58:45.114" level="INFO">Selecting 'office' from radio button 'add_type'.</msg>
<status status="PASS" starttime="20200108 20:58:45.110" endtime="20200108 20:58:45.398"></status>
</kw>
<kw name="Close Browser Window" library="Resources5" type="teardown">
<kw name="Close Browser" library="SeleniumLibrary">
<doc>Closes the current browser.</doc>
<status status="PASS" starttime="20200108 20:58:45.402" endtime="20200108 20:58:49.159"></status>
</kw>
<status status="PASS" starttime="20200108 20:58:45.398" endtime="20200108 20:58:49.159"></status>
</kw>
<tags>
<tag>FT</tag>
</tags>
<timeout value="1 minute"></timeout>
<status status="PASS" starttime="20200108 20:58:22.951" endtime="20200108 20:58:49.159" critical="yes"></status>
</test>
<kw name="After Each Test Suite" library="Resources5" type="teardown">
<kw name="Log" library="BuiltIn">
<doc>Logs the given message with the given level.</doc>
<arguments>
<arg>After Each Test Suite</arg>
</arguments>
<msg timestamp="20200108 20:58:49.167" level="INFO">After Each Test Suite</msg>
<status status="PASS" starttime="20200108 20:58:49.167" endtime="20200108 20:58:49.167"></status>
</kw>
<status status="PASS" starttime="20200108 20:58:49.167" endtime="20200108 20:58:49.167"></status>
</kw>
<status status="PASS" starttime="20200108 20:58:04.938" endtime="20200108 20:58:49.167"></status>
</suite>
<kw name="After Each Test Suite" type="teardown">
<kw name="Log" library="BuiltIn">
<doc>Logs the given message with the given level.</doc>
<arguments>
<arg>After Each Test Suite</arg>
</arguments>
<msg timestamp="20200108 20:58:49.183" level="INFO">After Each Test Suite</msg>
<status status="PASS" starttime="20200108 20:58:49.183" endtime="20200108 20:58:49.183"></status>
</kw>
<status status="PASS" starttime="20200108 20:58:49.179" endtime="20200108 20:58:49.183"></status>
</kw>
<status status="PASS" starttime="20200108 20:57:25.115" endtime="20200108 20:58:49.183"></status>
</suite>
<statistics>
<total>
<stat pass="4" fail="0">Critical Tests</stat>
<stat pass="4" fail="0">All Tests</stat>
</total>
<tag>
<stat pass="4" fail="0">FT</stat>
<stat pass="1" fail="0">Sanity Regression</stat>
<stat pass="1" fail="0">Smoke</stat>
</tag>
<suite>
<stat pass="4" fail="0" id="s1" name="LoginTC">LoginTC</stat>
<stat pass="2" fail="0" id="s1-s1" name="Test 005">LoginTC.Test 005</stat>
<stat pass="2" fail="0" id="s1-s2" name="Test 006">LoginTC.Test 006</stat>
</suite>
</statistics>
<errors>
</errors>
</robot>
